#
# There is insufficient memory for the Java Runtime Environment to continue.
# Native memory allocation (malloc) failed to allocate 32744 bytes for ChunkPool::allocate
# Possible reasons:
#   The system is out of physical RAM or swap space
#   The process is running with CompressedOops enabled, and the Java Heap may be blocking the growth of the native heap
# Possible solutions:
#   Reduce memory load on the system
#   Increase physical memory or swap space
#   Check if swap backing store is full
#   Decrease Java heap size (-Xmx/-Xms)
#   Decrease number of Java threads
#   Decrease Java thread stack sizes (-Xss)
#   Set larger code cache with -XX:ReservedCodeCacheSize=
#   JVM is running with Unscaled Compressed Oops mode in which the Java heap is
#     placed in the first 4GB address space. The Java Heap base address is the
#     maximum limit for the native heap growth. Please use -XX:HeapBaseMinAddress
#     to set the Java Heap base and to place the Java Heap above 4GB virtual address.
# This output file may be truncated or incomplete.
#
#  Out of Memory Error (./open/src/hotspot/share/memory/arena.cpp:79), pid=3772, tid=4588
#
# JRE version: OpenJDK Runtime Environment (15.0.2+7) (build 15.0.2+7-27)
# Java VM: OpenJDK 64-Bit Server VM (15.0.2+7-27, mixed mode, tiered, compressed oops, g1 gc, windows-amd64)
# No core dump will be written. Minidumps are not enabled by default on client versions of Windows
#

---------------  S U M M A R Y ------------

Command Line: -Dfile.encoding=Cp1252 -XX:+ShowCodeDetailsInExceptionMessages main.Driver

Host: Intel(R) Core(TM) i5-4260U CPU @ 1.40GHz, 4 cores, 3G,  Windows 10 , 64 bit Build 10586 (10.0.10586.0)
Time: Tue Mar 30 06:14:36 2021 SA Pacific Standard Time elapsed time: 0.938628 seconds (0d 0h 0m 0s)

---------------  T H R E A D  ---------------

Current thread (0x0000018ee61fab70):  JavaThread "C2 CompilerThread1" daemon [_thread_in_native, id=4588, stack(0x0000003b41e00000,0x0000003b41f00000)]


Current CompileTask:
C2:    938  504 %     4       java.lang.StringLatin1::indexOf @ 14 (121 bytes)

Stack: [0x0000003b41e00000,0x0000003b41f00000]
Native frames: (J=compiled Java code, j=interpreted, Vv=VM code, C=native code)
V  [jvm.dll+0x62ae9a]
V  [jvm.dll+0x7817a9]
V  [jvm.dll+0x782f03]
V  [jvm.dll+0x783563]
V  [jvm.dll+0x216325]
V  [jvm.dll+0x982cf]
V  [jvm.dll+0x9861c]
V  [jvm.dll+0x313dca]
V  [jvm.dll+0x676d9f]
V  [jvm.dll+0x18e2b0]
V  [jvm.dll+0x1ea822]
V  [jvm.dll+0x1e996e]
V  [jvm.dll+0x178567]
V  [jvm.dll+0x1f9225]
V  [jvm.dll+0x1f72cc]
V  [jvm.dll+0x74495d]
V  [jvm.dll+0x73d75a]
V  [jvm.dll+0x629c56]
C  [ucrtbase.dll+0x6be1d]
C  [KERNEL32.DLL+0x18102]
C  [ntdll.dll+0x5c264]


---------------  P R O C E S S  ---------------

Threads class SMR info:
_java_thread_list=0x0000018ee6210a40, length=13, elements={
0x0000018ecdfe4800, 0x0000018ee5c643e0, 0x0000018ee5c64ca0, 0x0000018ee5c916f0,
0x0000018ee5c91fb0, 0x0000018ee5c94c80, 0x0000018ee5c95970, 0x0000018ee5e123a0,
0x0000018ee5e2f0d0, 0x0000018ee5f3bbe0, 0x0000018ee5f65110, 0x0000018ecdfe57a0,
0x0000018ee61fab70
}

Java Threads: ( => current thread )
  0x0000018ecdfe4800 JavaThread "main" [_thread_in_vm, id=4992, stack(0x0000003b40b00000,0x0000003b40c00000)]
  0x0000018ee5c643e0 JavaThread "Reference Handler" daemon [_thread_blocked, id=4920, stack(0x0000003b41200000,0x0000003b41300000)]
  0x0000018ee5c64ca0 JavaThread "Finalizer" daemon [_thread_blocked, id=436, stack(0x0000003b41300000,0x0000003b41400000)]
  0x0000018ee5c916f0 JavaThread "Signal Dispatcher" daemon [_thread_blocked, id=5268, stack(0x0000003b41400000,0x0000003b41500000)]
  0x0000018ee5c91fb0 JavaThread "Attach Listener" daemon [_thread_blocked, id=5288, stack(0x0000003b41500000,0x0000003b41600000)]
  0x0000018ee5c94c80 JavaThread "Service Thread" daemon [_thread_blocked, id=4744, stack(0x0000003b41600000,0x0000003b41700000)]
  0x0000018ee5c95970 JavaThread "C2 CompilerThread0" daemon [_thread_in_native, id=3440, stack(0x0000003b41700000,0x0000003b41800000)]
  0x0000018ee5e123a0 JavaThread "C1 CompilerThread0" daemon [_thread_in_native, id=7088, stack(0x0000003b41800000,0x0000003b41900000)]
  0x0000018ee5e2f0d0 JavaThread "Sweeper thread" daemon [_thread_blocked, id=1948, stack(0x0000003b41900000,0x0000003b41a00000)]
  0x0000018ee5f3bbe0 JavaThread "Notification Thread" daemon [_thread_blocked, id=3248, stack(0x0000003b41a00000,0x0000003b41b00000)]
  0x0000018ee5f65110 JavaThread "Common-Cleaner" daemon [_thread_blocked, id=416, stack(0x0000003b41c00000,0x0000003b41d00000)]
  0x0000018ecdfe57a0 JavaThread "mysql-cj-abandoned-connection-cleanup" daemon [_thread_blocked, id=1744, stack(0x0000003b41d00000,0x0000003b41e00000)]
=>0x0000018ee61fab70 JavaThread "C2 CompilerThread1" daemon [_thread_in_native, id=4588, stack(0x0000003b41e00000,0x0000003b41f00000)]

Other Threads:
  0x0000018ee5c60c70 VMThread "VM Thread" [stack: 0x0000003b41100000,0x0000003b41200000] [id=6632]
  0x0000018ee5f3c0b0 WatcherThread [stack: 0x0000003b41b00000,0x0000003b41c00000] [id=6720]
  0x0000018ece0154b0 GCTaskThread "GC Thread#0" [stack: 0x0000003b40c00000,0x0000003b40d00000] [id=7156]
  0x0000018ece01f090 ConcurrentGCThread "G1 Main Marker" [stack: 0x0000003b40d00000,0x0000003b40e00000] [id=5152]
  0x0000018ece020ba0 ConcurrentGCThread "G1 Conc#0" [stack: 0x0000003b40e00000,0x0000003b40f00000] [id=6792]
  0x0000018ece0743e0 ConcurrentGCThread "G1 Refine#0" [stack: 0x0000003b40f00000,0x0000003b41000000] [id=4012]
  0x0000018ece076320 ConcurrentGCThread "G1 Young RemSet Sampling" [stack: 0x0000003b41000000,0x0000003b41100000] [id=912]

Threads with active compile tasks:
C2 CompilerThread0      964  503       4       java.lang.StringLatin1::replace (198 bytes)
C1 CompilerThread0      964  500       3       java.net.URLStreamHandler::parseURL (1201 bytes)
C2 CompilerThread1      964  504 %     4       java.lang.StringLatin1::indexOf @ 14 (121 bytes)

VM state: not at safepoint (normal execution)

VM Mutex/Monitor currently owned by a thread: None

Heap address: 0x00000000c0e00000, size: 1010 MB, Compressed Oops mode: 32-bit
CDS disabled.
Compressed class space mapped at: 0x0000000100000000-0x0000000140000000, size: 1073741824
Narrow klass base: 0x0000000000000000, Narrow klass shift: 3, Narrow klass range: 0x140000000

GC Precious Log:
 CPUs: 4 total, 4 available
 Memory: 4036M
 Large Page Support: Disabled
 NUMA Support: Disabled
 Compressed Oops: Enabled (32-bit)
 Heap Region Size: 1M
 Heap Min Capacity: 8M
 Heap Initial Capacity: 64M
 Heap Max Capacity: 1010M
 Pre-touch: Disabled
 Parallel Workers: 4
 Concurrent Workers: 1
 Concurrent Refinement Workers: 4
 Periodic GC: Disabled

Heap:
 garbage-first heap   total 65536K, used 6144K [0x00000000c0e00000, 0x0000000100000000)
  region size 1024K, 7 young (7168K), 0 survivors (0K)
 Metaspace       used 9341K, capacity 9593K, committed 9856K, reserved 1058816K
  class space    used 797K, capacity 872K, committed 896K, reserved 1048576K

Heap Regions: E=young(eden), S=young(survivor), O=old, HS=humongous(starts), HC=humongous(continues), CS=collection set, F=free, OA=open archive, CA=closed archive, TAMS=top-at-mark-start (previous, next)
|   0|0x00000000c0e00000, 0x00000000c0e00000, 0x00000000c0f00000|  0%| F|  |TAMS 0x00000000c0e00000, 0x00000000c0e00000| Untracked 
|   1|0x00000000c0f00000, 0x00000000c0f00000, 0x00000000c1000000|  0%| F|  |TAMS 0x00000000c0f00000, 0x00000000c0f00000| Untracked 
|   2|0x00000000c1000000, 0x00000000c1000000, 0x00000000c1100000|  0%| F|  |TAMS 0x00000000c1000000, 0x00000000c1000000| Untracked 
|   3|0x00000000c1100000, 0x00000000c1100000, 0x00000000c1200000|  0%| F|  |TAMS 0x00000000c1100000, 0x00000000c1100000| Untracked 
|   4|0x00000000c1200000, 0x00000000c1200000, 0x00000000c1300000|  0%| F|  |TAMS 0x00000000c1200000, 0x00000000c1200000| Untracked 
|   5|0x00000000c1300000, 0x00000000c1300000, 0x00000000c1400000|  0%| F|  |TAMS 0x00000000c1300000, 0x00000000c1300000| Untracked 
|   6|0x00000000c1400000, 0x00000000c1400000, 0x00000000c1500000|  0%| F|  |TAMS 0x00000000c1400000, 0x00000000c1400000| Untracked 
|   7|0x00000000c1500000, 0x00000000c1500000, 0x00000000c1600000|  0%| F|  |TAMS 0x00000000c1500000, 0x00000000c1500000| Untracked 
|   8|0x00000000c1600000, 0x00000000c1600000, 0x00000000c1700000|  0%| F|  |TAMS 0x00000000c1600000, 0x00000000c1600000| Untracked 
|   9|0x00000000c1700000, 0x00000000c1700000, 0x00000000c1800000|  0%| F|  |TAMS 0x00000000c1700000, 0x00000000c1700000| Untracked 
|  10|0x00000000c1800000, 0x00000000c1800000, 0x00000000c1900000|  0%| F|  |TAMS 0x00000000c1800000, 0x00000000c1800000| Untracked 
|  11|0x00000000c1900000, 0x00000000c1900000, 0x00000000c1a00000|  0%| F|  |TAMS 0x00000000c1900000, 0x00000000c1900000| Untracked 
|  12|0x00000000c1a00000, 0x00000000c1a00000, 0x00000000c1b00000|  0%| F|  |TAMS 0x00000000c1a00000, 0x00000000c1a00000| Untracked 
|  13|0x00000000c1b00000, 0x00000000c1b00000, 0x00000000c1c00000|  0%| F|  |TAMS 0x00000000c1b00000, 0x00000000c1b00000| Untracked 
|  14|0x00000000c1c00000, 0x00000000c1c00000, 0x00000000c1d00000|  0%| F|  |TAMS 0x00000000c1c00000, 0x00000000c1c00000| Untracked 
|  15|0x00000000c1d00000, 0x00000000c1d00000, 0x00000000c1e00000|  0%| F|  |TAMS 0x00000000c1d00000, 0x00000000c1d00000| Untracked 
|  16|0x00000000c1e00000, 0x00000000c1e00000, 0x00000000c1f00000|  0%| F|  |TAMS 0x00000000c1e00000, 0x00000000c1e00000| Untracked 
|  17|0x00000000c1f00000, 0x00000000c1f00000, 0x00000000c2000000|  0%| F|  |TAMS 0x00000000c1f00000, 0x00000000c1f00000| Untracked 
|  18|0x00000000c2000000, 0x00000000c2000000, 0x00000000c2100000|  0%| F|  |TAMS 0x00000000c2000000, 0x00000000c2000000| Untracked 
|  19|0x00000000c2100000, 0x00000000c2100000, 0x00000000c2200000|  0%| F|  |TAMS 0x00000000c2100000, 0x00000000c2100000| Untracked 
|  20|0x00000000c2200000, 0x00000000c2200000, 0x00000000c2300000|  0%| F|  |TAMS 0x00000000c2200000, 0x00000000c2200000| Untracked 
|  21|0x00000000c2300000, 0x00000000c2300000, 0x00000000c2400000|  0%| F|  |TAMS 0x00000000c2300000, 0x00000000c2300000| Untracked 
|  22|0x00000000c2400000, 0x00000000c2400000, 0x00000000c2500000|  0%| F|  |TAMS 0x00000000c2400000, 0x00000000c2400000| Untracked 
|  23|0x00000000c2500000, 0x00000000c2500000, 0x00000000c2600000|  0%| F|  |TAMS 0x00000000c2500000, 0x00000000c2500000| Untracked 
|  24|0x00000000c2600000, 0x00000000c2600000, 0x00000000c2700000|  0%| F|  |TAMS 0x00000000c2600000, 0x00000000c2600000| Untracked 
|  25|0x00000000c2700000, 0x00000000c2700000, 0x00000000c2800000|  0%| F|  |TAMS 0x00000000c2700000, 0x00000000c2700000| Untracked 
|  26|0x00000000c2800000, 0x00000000c2800000, 0x00000000c2900000|  0%| F|  |TAMS 0x00000000c2800000, 0x00000000c2800000| Untracked 
|  27|0x00000000c2900000, 0x00000000c2900000, 0x00000000c2a00000|  0%| F|  |TAMS 0x00000000c2900000, 0x00000000c2900000| Untracked 
|  28|0x00000000c2a00000, 0x00000000c2a00000, 0x00000000c2b00000|  0%| F|  |TAMS 0x00000000c2a00000, 0x00000000c2a00000| Untracked 
|  29|0x00000000c2b00000, 0x00000000c2b00000, 0x00000000c2c00000|  0%| F|  |TAMS 0x00000000c2b00000, 0x00000000c2b00000| Untracked 
|  30|0x00000000c2c00000, 0x00000000c2c00000, 0x00000000c2d00000|  0%| F|  |TAMS 0x00000000c2c00000, 0x00000000c2c00000| Untracked 
|  31|0x00000000c2d00000, 0x00000000c2d00000, 0x00000000c2e00000|  0%| F|  |TAMS 0x00000000c2d00000, 0x00000000c2d00000| Untracked 
|  32|0x00000000c2e00000, 0x00000000c2e00000, 0x00000000c2f00000|  0%| F|  |TAMS 0x00000000c2e00000, 0x00000000c2e00000| Untracked 
|  33|0x00000000c2f00000, 0x00000000c2f00000, 0x00000000c3000000|  0%| F|  |TAMS 0x00000000c2f00000, 0x00000000c2f00000| Untracked 
|  34|0x00000000c3000000, 0x00000000c3000000, 0x00000000c3100000|  0%| F|  |TAMS 0x00000000c3000000, 0x00000000c3000000| Untracked 
|  35|0x00000000c3100000, 0x00000000c3100000, 0x00000000c3200000|  0%| F|  |TAMS 0x00000000c3100000, 0x00000000c3100000| Untracked 
|  36|0x00000000c3200000, 0x00000000c3200000, 0x00000000c3300000|  0%| F|  |TAMS 0x00000000c3200000, 0x00000000c3200000| Untracked 
|  37|0x00000000c3300000, 0x00000000c3300000, 0x00000000c3400000|  0%| F|  |TAMS 0x00000000c3300000, 0x00000000c3300000| Untracked 
|  38|0x00000000c3400000, 0x00000000c3400000, 0x00000000c3500000|  0%| F|  |TAMS 0x00000000c3400000, 0x00000000c3400000| Untracked 
|  39|0x00000000c3500000, 0x00000000c3500000, 0x00000000c3600000|  0%| F|  |TAMS 0x00000000c3500000, 0x00000000c3500000| Untracked 
|  40|0x00000000c3600000, 0x00000000c3600000, 0x00000000c3700000|  0%| F|  |TAMS 0x00000000c3600000, 0x00000000c3600000| Untracked 
|  41|0x00000000c3700000, 0x00000000c3700000, 0x00000000c3800000|  0%| F|  |TAMS 0x00000000c3700000, 0x00000000c3700000| Untracked 
|  42|0x00000000c3800000, 0x00000000c3800000, 0x00000000c3900000|  0%| F|  |TAMS 0x00000000c3800000, 0x00000000c3800000| Untracked 
|  43|0x00000000c3900000, 0x00000000c3900000, 0x00000000c3a00000|  0%| F|  |TAMS 0x00000000c3900000, 0x00000000c3900000| Untracked 
|  44|0x00000000c3a00000, 0x00000000c3a00000, 0x00000000c3b00000|  0%| F|  |TAMS 0x00000000c3a00000, 0x00000000c3a00000| Untracked 
|  45|0x00000000c3b00000, 0x00000000c3b00000, 0x00000000c3c00000|  0%| F|  |TAMS 0x00000000c3b00000, 0x00000000c3b00000| Untracked 
|  46|0x00000000c3c00000, 0x00000000c3c00000, 0x00000000c3d00000|  0%| F|  |TAMS 0x00000000c3c00000, 0x00000000c3c00000| Untracked 
|  47|0x00000000c3d00000, 0x00000000c3d00000, 0x00000000c3e00000|  0%| F|  |TAMS 0x00000000c3d00000, 0x00000000c3d00000| Untracked 
|  48|0x00000000c3e00000, 0x00000000c3e00000, 0x00000000c3f00000|  0%| F|  |TAMS 0x00000000c3e00000, 0x00000000c3e00000| Untracked 
|  49|0x00000000c3f00000, 0x00000000c3f00000, 0x00000000c4000000|  0%| F|  |TAMS 0x00000000c3f00000, 0x00000000c3f00000| Untracked 
|  50|0x00000000c4000000, 0x00000000c4000000, 0x00000000c4100000|  0%| F|  |TAMS 0x00000000c4000000, 0x00000000c4000000| Untracked 
|  51|0x00000000c4100000, 0x00000000c4100000, 0x00000000c4200000|  0%| F|  |TAMS 0x00000000c4100000, 0x00000000c4100000| Untracked 
|  52|0x00000000c4200000, 0x00000000c4200000, 0x00000000c4300000|  0%| F|  |TAMS 0x00000000c4200000, 0x00000000c4200000| Untracked 
|  53|0x00000000c4300000, 0x00000000c4300000, 0x00000000c4400000|  0%| F|  |TAMS 0x00000000c4300000, 0x00000000c4300000| Untracked 
|  54|0x00000000c4400000, 0x00000000c4400000, 0x00000000c4500000|  0%| F|  |TAMS 0x00000000c4400000, 0x00000000c4400000| Untracked 
|  55|0x00000000c4500000, 0x00000000c4500000, 0x00000000c4600000|  0%| F|  |TAMS 0x00000000c4500000, 0x00000000c4500000| Untracked 
|  56|0x00000000c4600000, 0x00000000c4600000, 0x00000000c4700000|  0%| F|  |TAMS 0x00000000c4600000, 0x00000000c4600000| Untracked 
|  57|0x00000000c4700000, 0x00000000c47dcb00, 0x00000000c4800000| 86%| E|  |TAMS 0x00000000c4700000, 0x00000000c4700000| Complete 
|  58|0x00000000c4800000, 0x00000000c4900000, 0x00000000c4900000|100%| E|CS|TAMS 0x00000000c4800000, 0x00000000c4800000| Complete 
|  59|0x00000000c4900000, 0x00000000c4a00000, 0x00000000c4a00000|100%| E|CS|TAMS 0x00000000c4900000, 0x00000000c4900000| Complete 
|  60|0x00000000c4a00000, 0x00000000c4b00000, 0x00000000c4b00000|100%| E|CS|TAMS 0x00000000c4a00000, 0x00000000c4a00000| Complete 
|  61|0x00000000c4b00000, 0x00000000c4c00000, 0x00000000c4c00000|100%| E|CS|TAMS 0x00000000c4b00000, 0x00000000c4b00000| Complete 
|  62|0x00000000c4c00000, 0x00000000c4d00000, 0x00000000c4d00000|100%| E|CS|TAMS 0x00000000c4c00000, 0x00000000c4c00000| Complete 
|  63|0x00000000c4d00000, 0x00000000c4e00000, 0x00000000c4e00000|100%| E|CS|TAMS 0x00000000c4d00000, 0x00000000c4d00000| Complete 

Card table byte_map: [0x0000018ee0c10000,0x0000018ee0e10000] _byte_map_base: 0x0000018ee0609000

Marking Bits (Prev, Next): (CMBitMap*) 0x0000018ece015c30, (CMBitMap*) 0x0000018ece015c70
 Prev Bits: [0x0000018ee1010000, 0x0000018ee1fd8000)
 Next Bits: [0x0000018ee1fe0000, 0x0000018ee2fa8000)

Polling page: 0x0000018ecc070000

Metaspace:

Usage:
  Non-class:      8.52 MB capacity,     8.34 MB ( 98%) used,   169.38 KB (  2%) free+waste,     7.31 KB ( <1%) overhead. 
      Class:    872.00 KB capacity,   797.48 KB ( 91%) used,    71.83 KB (  8%) free+waste,     2.69 KB ( <1%) overhead. 
       Both:      9.37 MB capacity,     9.12 MB ( 97%) used,   241.21 KB (  3%) free+waste,    10.00 KB ( <1%) overhead. 

Virtual space:
  Non-class space:       10.00 MB reserved,       8.75 MB ( 88%) committed 
      Class space:        1.00 GB reserved,     896.00 KB ( <1%) committed 
             Both:        1.01 GB reserved,       9.63 MB ( <1%) committed 

Chunk freelists:
   Non-Class:  47.00 KB
       Class:  24.00 KB
        Both:  71.00 KB

MaxMetaspaceSize: 17179869184.00 GB
CompressedClassSpaceSize: 1.00 GB

CodeHeap 'non-profiled nmethods': size=120000Kb used=168Kb max_used=168Kb free=119832Kb
 bounds [0x0000018ed94e0000, 0x0000018ed9750000, 0x0000018ee0a10000]
CodeHeap 'profiled nmethods': size=120000Kb used=742Kb max_used=742Kb free=119257Kb
 bounds [0x0000018ed1fb0000, 0x0000018ed2220000, 0x0000018ed94e0000]
CodeHeap 'non-nmethods': size=5760Kb used=1154Kb max_used=1168Kb free=4605Kb
 bounds [0x0000018ed1a10000, 0x0000018ed1c80000, 0x0000018ed1fb0000]
 total_blobs=906 nmethods=499 adapters=320
 compilation: enabled
              stopped_count=0, restarted_count=0
 full_count=0

Compilation events (20 events):
Event: 0.904 Thread 0x0000018ee5e123a0 nmethod 489 0x0000018ed2060410 code [0x0000018ed2060680, 0x0000018ed2061198]
Event: 0.904 Thread 0x0000018ee61fab70  490       4       java.lang.String::startsWith (138 bytes)
Event: 0.905 Thread 0x0000018ee5e123a0  491       3       java.util.ArrayList::get (15 bytes)
Event: 0.906 Thread 0x0000018ee5e123a0 nmethod 491 0x0000018ed2061490 code [0x0000018ed2061660, 0x0000018ed2061988]
Event: 0.910 Thread 0x0000018ee5e123a0  492   !   3       java.net.URL::<init> (543 bytes)
Event: 0.910 Thread 0x0000018ee61fab70 nmethod 490 0x0000018ed9509190 code [0x0000018ed9509320, 0x0000018ed9509578]
Event: 0.917 Thread 0x0000018ee5e123a0 nmethod 492 0x0000018ed2061b10 code [0x0000018ed20621a0, 0x0000018ed2065a48]
Event: 0.917 Thread 0x0000018ee5e123a0  493       3       java.io.RandomAccessFile::read (8 bytes)
Event: 0.917 Thread 0x0000018ee5e123a0 nmethod 493 0x0000018ed2067b10 code [0x0000018ed2067cc0, 0x0000018ed2067de8]
Event: 0.919 Thread 0x0000018ee5e123a0  496       3       jdk.internal.loader.BuiltinClassLoader::findLoadedModule (33 bytes)
Event: 0.920 Thread 0x0000018ee5e123a0 nmethod 496 0x0000018ed2067e90 code [0x0000018ed20680a0, 0x0000018ed20686b8]
Event: 0.920 Thread 0x0000018ee5e123a0  497       3       java.lang.String::getChars (54 bytes)
Event: 0.920 Thread 0x0000018ee5e123a0 nmethod 497 0x0000018ed2068910 code [0x0000018ed2068b00, 0x0000018ed2068f38]
Event: 0.920 Thread 0x0000018ee5e123a0  498       3       java.lang.StringLatin1::getChars (12 bytes)
Event: 0.921 Thread 0x0000018ee5e123a0 nmethod 498 0x0000018ed2069110 code [0x0000018ed20692a0, 0x0000018ed20693a8]
Event: 0.921 Thread 0x0000018ee5e123a0  499       3       sun.net.www.protocol.file.Handler::parseURL (18 bytes)
Event: 0.921 Thread 0x0000018ee5e123a0 nmethod 499 0x0000018ed2069490 code [0x0000018ed2069640, 0x0000018ed20697d8]
Event: 0.921 Thread 0x0000018ee5e123a0  500       3       java.net.URLStreamHandler::parseURL (1201 bytes)
Event: 0.923 Thread 0x0000018ee5c95970  503       4       java.lang.StringLatin1::replace (198 bytes)
Event: 0.927 Thread 0x0000018ee61fab70  504 %     4       java.lang.StringLatin1::indexOf @ 14 (121 bytes)

GC Heap History (0 events):
No events

Deoptimization events (8 events):
Event: 0.291 Thread 0x0000018ecdfe4800 Uncommon trap: trap_request=0xffffff45 fr.pc=0x0000018ed94e43ac relative=0x000000000000020c
Event: 0.291 Thread 0x0000018ecdfe4800 Uncommon trap: reason=unstable_if action=reinterpret pc=0x0000018ed94e43ac method=java.lang.String.hashCode()I @ 42 c2
Event: 0.291 Thread 0x0000018ecdfe4800 DEOPT PACKING pc=0x0000018ed94e43ac sp=0x0000003b40bfd690
Event: 0.291 Thread 0x0000018ecdfe4800 DEOPT UNPACKING pc=0x0000018ed1a5e42f sp=0x0000003b40bfd628 mode 2
Event: 0.670 Thread 0x0000018ecdfe4800 DEOPT PACKING pc=0x0000018ed2028f98 sp=0x0000003b40bfbed0
Event: 0.670 Thread 0x0000018ecdfe4800 DEOPT UNPACKING pc=0x0000018ed1a5e23f sp=0x0000003b40bfb480 mode 0
Event: 0.682 Thread 0x0000018ecdfe4800 DEOPT PACKING pc=0x0000018ed20306c7 sp=0x0000003b40bfbf00
Event: 0.682 Thread 0x0000018ecdfe4800 DEOPT UNPACKING pc=0x0000018ed1a5e23f sp=0x0000003b40bfb480 mode 0

Classes unloaded (0 events):
No events

Classes redefined (0 events):
No events

Internal exceptions (6 events):
Event: 0.437 Thread 0x0000018ecdfe4800 Exception <a 'java/lang/NoSuchMethodError'{0x00000000c4c4a0e8}: 'void java.lang.invoke.DirectMethodHandle$Holder.invokeSpecial(java.lang.Object, java.lang.Object, java.lang.Object)'> (0x00000000c4c4a0e8) 
thrown [./open/src/hotspot/share/interpreter/linkResolver.cpp, line 782]
Event: 0.608 Thread 0x0000018ecdfe4800 Exception <a 'java/lang/NoSuchMethodError'{0x00000000c4bd3130}: 'java.lang.Object java.lang.invoke.DirectMethodHandle$Holder.invokeStatic(java.lang.Object)'> (0x00000000c4bd3130) 
thrown [./open/src/hotspot/share/interpreter/linkResolver.cpp, line 782]
Event: 0.613 Thread 0x0000018ecdfe4800 Exception <a 'java/lang/NoSuchMethodError'{0x00000000c4bd6a48}: 'java.lang.Object java.lang.invoke.DirectMethodHandle$Holder.invokeStaticInit(java.lang.Object)'> (0x00000000c4bd6a48) 
thrown [./open/src/hotspot/share/interpreter/linkResolver.cpp, line 782]
Event: 0.616 Thread 0x0000018ecdfe4800 Exception <a 'java/lang/NoSuchMethodError'{0x00000000c4bdcdc8}: 'java.lang.Object java.lang.invoke.DirectMethodHandle$Holder.invokeInterface(java.lang.Object, java.lang.Object)'> (0x00000000c4bdcdc8) 
thrown [./open/src/hotspot/share/interpreter/linkResolver.cpp, line 782]
Event: 0.740 Thread 0x0000018ecdfe4800 Exception <a 'java/lang/NoSuchMethodError'{0x00000000c4a760c8}: 'void java.lang.invoke.DirectMethodHandle$Holder.invokeStatic(java.lang.Object, java.lang.Object, java.lang.Object)'> (0x00000000c4a760c8) 
thrown [./open/src/hotspot/share/interpreter/linkResolver.cpp, line 782]
Event: 0.748 Thread 0x0000018ecdfe4800 Exception <a 'java/lang/NoSuchMethodError'{0x00000000c4a80db0}: 'java.lang.Object java.lang.invoke.DirectMethodHandle$Holder.invokeVirtual(java.lang.Object, java.lang.Object, java.lang.Object)'> (0x00000000c4a80db0) 
thrown [./open/src/hotspot/share/interpreter/linkResolver.cpp, line 782]

Events (20 events):
Event: 0.800 loading class java/lang/reflect/InvocationHandler
Event: 0.800 loading class java/lang/reflect/InvocationHandler done
Event: 0.812 loading class java/util/Random
Event: 0.812 loading class java/util/Random done
Event: 0.845 loading class java/util/Date
Event: 0.846 loading class java/util/Date done
Event: 0.846 loading class java/text/MessageFormat$Field
Event: 0.846 loading class java/text/Format$Field
Event: 0.846 loading class java/text/AttributedCharacterIterator$Attribute
Event: 0.846 loading class java/text/AttributedCharacterIterator$Attribute done
Event: 0.846 loading class java/text/Format$Field done
Event: 0.846 loading class java/text/MessageFormat$Field done
Event: 0.855 loading class java/util/Collections$UnmodifiableCollection$1
Event: 0.855 loading class java/util/Collections$UnmodifiableCollection$1 done
Event: 0.868 loading class java/util/concurrent/ConcurrentHashMap$KeyIterator
Event: 0.868 loading class java/util/concurrent/ConcurrentHashMap$KeyIterator done
Event: 0.901 loading class java/lang/ArrayIndexOutOfBoundsException
Event: 0.901 loading class java/lang/IndexOutOfBoundsException
Event: 0.901 loading class java/lang/IndexOutOfBoundsException done
Event: 0.901 loading class java/lang/ArrayIndexOutOfBoundsException done


Dynamic libraries:
0x00007ff66d7d0000 - 0x00007ff66d7dd000 	C:\Users\Android\.p2\pool\plugins\org.eclipse.justj.openjdk.hotspot.jre.full.win32.x86_64_15.0.2.v20210201-0955\jre\bin\javaw.exe
0x00007fff59090000 - 0x00007fff59251000 	C:\Windows\SYSTEM32\ntdll.dll
0x00007fff56490000 - 0x00007fff5653d000 	C:\Windows\system32\KERNEL32.DLL
0x00007fff55740000 - 0x00007fff55928000 	C:\Windows\system32\KERNELBASE.dll
0x00007fff4fbc0000 - 0x00007fff4fbd8000 	C:\Users\Android\.p2\pool\plugins\org.eclipse.justj.openjdk.hotspot.jre.full.win32.x86_64_15.0.2.v20210201-0955\jre\bin\jli.dll
0x00007fff569a0000 - 0x00007fff56af6000 	C:\Windows\system32\USER32.dll
0x00007fff56e20000 - 0x00007fff56fa6000 	C:\Windows\system32\GDI32.dll
0x00007fff4fbe0000 - 0x00007fff4fbf9000 	C:\Users\Android\.p2\pool\plugins\org.eclipse.justj.openjdk.hotspot.jre.full.win32.x86_64_15.0.2.v20210201-0955\jre\bin\VCRUNTIME140.dll
0x00007fff54850000 - 0x00007fff54944000 	C:\Windows\SYSTEM32\ucrtbase.dll
0x00007fff4e980000 - 0x00007fff4ebf4000 	C:\Windows\WinSxS\amd64_microsoft.windows.common-controls_6595b64144ccf1df_6.0.10586.0_none_8c15ae12515e1c22\COMCTL32.dll
0x00007fff56c20000 - 0x00007fff56cbd000 	C:\Windows\system32\msvcrt.dll
0x00007fff57760000 - 0x00007fff579dd000 	C:\Windows\system32\combase.dll
0x00007fff56b00000 - 0x00007fff56c1c000 	C:\Windows\system32\RPCRT4.dll
0x00007fff561a0000 - 0x00007fff5620a000 	C:\Windows\system32\bcryptPrimitives.dll
0x00007fff56d80000 - 0x00007fff56dbb000 	C:\Windows\system32\IMM32.DLL
0x00007fff52990000 - 0x00007fff5299c000 	C:\Users\Android\.p2\pool\plugins\org.eclipse.justj.openjdk.hotspot.jre.full.win32.x86_64_15.0.2.v20210201-0955\jre\bin\vcruntime140_1.dll
0x00007fff35660000 - 0x00007fff356f1000 	C:\Users\Android\.p2\pool\plugins\org.eclipse.justj.openjdk.hotspot.jre.full.win32.x86_64_15.0.2.v20210201-0955\jre\bin\msvcp140.dll
0x00007fff32450000 - 0x00007fff32fae000 	C:\Users\Android\.p2\pool\plugins\org.eclipse.justj.openjdk.hotspot.jre.full.win32.x86_64_15.0.2.v20210201-0955\jre\bin\server\jvm.dll
0x00007fff576b0000 - 0x00007fff57757000 	C:\Windows\system32\ADVAPI32.dll
0x00007fff57260000 - 0x00007fff572bb000 	C:\Windows\system32\sechost.dll
0x00007fff56990000 - 0x00007fff56998000 	C:\Windows\system32\PSAPI.DLL
0x00007fff529b0000 - 0x00007fff529b9000 	C:\Windows\SYSTEM32\WSOCK32.dll
0x00007fff57090000 - 0x00007fff570fb000 	C:\Windows\system32\WS2_32.dll
0x00007fff53de0000 - 0x00007fff53e03000 	C:\Windows\SYSTEM32\WINMM.dll
0x00007fff489e0000 - 0x00007fff489ea000 	C:\Windows\SYSTEM32\VERSION.dll
0x00007fff53c50000 - 0x00007fff53c7c000 	C:\Windows\SYSTEM32\WINMMBASE.dll
0x00007fff55930000 - 0x00007fff55973000 	C:\Windows\system32\cfgmgr32.dll
0x00007fff55730000 - 0x00007fff5573f000 	C:\Windows\system32\kernel.appcore.dll
0x00007fff48cc0000 - 0x00007fff48cca000 	C:\Users\Android\.p2\pool\plugins\org.eclipse.justj.openjdk.hotspot.jre.full.win32.x86_64_15.0.2.v20210201-0955\jre\bin\jimage.dll
0x00007fff362c0000 - 0x00007fff3644c000 	C:\Windows\SYSTEM32\DBGHELP.DLL
0x00007fff40c90000 - 0x00007fff40cb5000 	C:\Windows\SYSTEM32\dbgcore.DLL
0x00007fff40cf0000 - 0x00007fff40d15000 	C:\Users\Android\.p2\pool\plugins\org.eclipse.justj.openjdk.hotspot.jre.full.win32.x86_64_15.0.2.v20210201-0955\jre\bin\java.dll
0x00007fff42640000 - 0x00007fff42658000 	C:\Users\Android\.p2\pool\plugins\org.eclipse.justj.openjdk.hotspot.jre.full.win32.x86_64_15.0.2.v20210201-0955\jre\bin\zip.dll
0x00007fff57b30000 - 0x00007fff5908f000 	C:\Windows\system32\SHELL32.dll
0x00007fff55980000 - 0x00007fff55fc4000 	C:\Windows\system32\windows.storage.dll
0x00007fff574e0000 - 0x00007fff57532000 	C:\Windows\system32\shlwapi.dll
0x00007fff560e0000 - 0x00007fff56195000 	C:\Windows\system32\shcore.dll
0x00007fff556d0000 - 0x00007fff5571b000 	C:\Windows\system32\powrprof.dll
0x00007fff556b0000 - 0x00007fff556c4000 	C:\Windows\system32\profapi.dll
0x00007fff40920000 - 0x00007fff40939000 	C:\Users\Android\.p2\pool\plugins\org.eclipse.justj.openjdk.hotspot.jre.full.win32.x86_64_15.0.2.v20210201-0955\jre\bin\net.dll
0x00007fff50e00000 - 0x00007fff50ec8000 	C:\Windows\SYSTEM32\WINHTTP.dll
0x00007fff54fe0000 - 0x00007fff5503c000 	C:\Windows\system32\mswsock.dll
0x00007fff40900000 - 0x00007fff40912000 	C:\Users\Android\.p2\pool\plugins\org.eclipse.justj.openjdk.hotspot.jre.full.win32.x86_64_15.0.2.v20210201-0955\jre\bin\nio.dll

dbghelp: loaded successfully - version: 4.0.5 - missing functions: none
symbol engine: initialized successfully - sym options: 0x614 - pdb path: .;C:\Users\Android\.p2\pool\plugins\org.eclipse.justj.openjdk.hotspot.jre.full.win32.x86_64_15.0.2.v20210201-0955\jre\bin;C:\Windows\SYSTEM32;C:\Windows\WinSxS\amd64_microsoft.windows.common-controls_6595b64144ccf1df_6.0.10586.0_none_8c15ae12515e1c22;C:\Users\Android\.p2\pool\plugins\org.eclipse.justj.openjdk.hotspot.jre.full.win32.x86_64_15.0.2.v20210201-0955\jre\bin\server

VM Arguments:
jvm_args: -Dfile.encoding=Cp1252 -XX:+ShowCodeDetailsInExceptionMessages 
java_command: main.Driver
java_class_path (initial): C:\Users\Android\Documents\GitHub\ADVANCED-PROGRAMMING\DatebaseConnection\bin;C:\Users\Android\Documents\GitHub\ADVANCED-PROGRAMMING\DatebaseConnection\lib\mysql-connector-java-8.0.23.jar
Launcher Type: SUN_STANDARD

[Global flags]
     intx CICompilerCount                          = 3                                         {product} {ergonomic}
     uint ConcGCThreads                            = 1                                         {product} {ergonomic}
     uint G1ConcRefinementThreads                  = 4                                         {product} {ergonomic}
   size_t G1HeapRegionSize                         = 1048576                                   {product} {ergonomic}
    uintx GCDrainStackTargetSize                   = 64                                        {product} {ergonomic}
   size_t InitialHeapSize                          = 67108864                                  {product} {ergonomic}
   size_t MarkStackSize                            = 4194304                                   {product} {ergonomic}
   size_t MaxHeapSize                              = 1059061760                                {product} {ergonomic}
   size_t MaxNewSize                               = 635437056                                 {product} {ergonomic}
   size_t MinHeapDeltaBytes                        = 1048576                                   {product} {ergonomic}
   size_t MinHeapSize                              = 8388608                                   {product} {ergonomic}
    uintx NonNMethodCodeHeapSize                   = 5832780                                {pd product} {ergonomic}
    uintx NonProfiledCodeHeapSize                  = 122912730                              {pd product} {ergonomic}
    uintx ProfiledCodeHeapSize                     = 122912730                              {pd product} {ergonomic}
    uintx ReservedCodeCacheSize                    = 251658240                              {pd product} {ergonomic}
     bool SegmentedCodeCache                       = true                                      {product} {ergonomic}
     bool ShowCodeDetailsInExceptionMessages       = true                                   {manageable} {command line}
   size_t SoftMaxHeapSize                          = 1059061760                             {manageable} {ergonomic}
     bool UseCompressedClassPointers               = true                                 {lp64_product} {ergonomic}
     bool UseCompressedOops                        = true                                 {lp64_product} {ergonomic}
     bool UseG1GC                                  = true                                      {product} {ergonomic}
     bool UseLargePagesIndividualAllocation        = false                                  {pd product} {ergonomic}

Logging:
Log output configuration:
 #0: stdout all=warning uptime,level,tags
 #1: stderr all=off uptime,level,tags

Environment Variables:
PATH=C:/Users/Android/.p2/pool/plugins/org.eclipse.justj.openjdk.hotspot.jre.full.win32.x86_64_15.0.2.v20210201-0955/jre/bin/server;C:/Users/Android/.p2/pool/plugins/org.eclipse.justj.openjdk.hotspot.jre.full.win32.x86_64_15.0.2.v20210201-0955/jre/bin;C:\Program Files (x86)\Common Files\Oracle\Java\javapath;C:\Windows\system32;C:\Windows;C:\Windows\System32\Wbem;C:\Windows\System32\WindowsPowerShell\v1.0\;C:\Windows\SysWOW64;;C:\Users\Android\Desktop;
USERNAME=Android
OS=Windows_NT
PROCESSOR_IDENTIFIER=Intel64 Family 6 Model 69 Stepping 1, GenuineIntel



---------------  S Y S T E M  ---------------

OS:
 Windows 10 , 64 bit Build 10586 (10.0.10586.0)
OS uptime: 0 days 0:37 hours

CPU: total 4 (initial active 4) (2 cores per cpu, 2 threads per core) family 6 model 69 stepping 1 microcode 0x26, cmov, cx8, fxsr, mmx, sse, sse2, sse3, ssse3, sse4.1, sse4.2, popcnt, vzeroupper, avx, avx2, aes, clmul, erms, lzcnt, ht, tsc, tscinvbit, bmi1, bmi2, fma, clflush

Memory: 4k page, system-wide physical 4036M (589M free)
TotalPageFile size 4036M (AvailPageFile size 31M)
current process WorkingSet (physical memory assigned to process): 51M, peak: 51M
current process commit charge ("private bytes"): 141M, peak: 141M

vm_info: OpenJDK 64-Bit Server VM (15.0.2+7-27) for windows-amd64 JRE (15.0.2+7-27), built on Dec  7 2020 20:02:38 by "mach5one" with unknown MS VC++:1925

END.
