[INFO ] 2021-01-25 20:09:23:320 [main] LoggingExample - Test Info message
[DEBUG] 2021-01-25 20:09:23:324 [main] LoggingExample - Test Debug message
[ERROR] 2021-01-25 20:09:23:325 [main] LoggingExample - Test Error message
[TRACE] 2021-01-25 20:09:23:325 [main] LoggingExample - Test Trace message
[FATAL] 2021-01-25 20:09:23:325 [main] LoggingExample - Test Fatal message
[WARN ] 2021-01-25 20:09:23:325 [main] LoggingExample - Test Warning message
[INFO ] 2021-01-25 20:10:04:656 [main] LoggingExample - Test Info message
 [DEBUG] 2021-01-25 20:10:04:662 [main] LoggingExample - Test Debug message
 [ERROR] 2021-01-25 20:10:04:663 [main] LoggingExample - Test Error message
 [TRACE] 2021-01-25 20:10:04:664 [main] LoggingExample - Test Trace message
 [FATAL] 2021-01-25 20:10:04:664 [main] LoggingExample - Test Fatal message
 [WARN ] 2021-01-25 20:10:04:664 [main] LoggingExample - Test Warning message
 [INFO ] 2021-01-25 20:10:36:318 [main] LoggingExample - Test Info message
 [DEBUG] 2021-01-25 20:10:36:323 [main] LoggingExample - Test Debug message
 [ERROR] 2021-01-25 20:10:36:324 [main] LoggingExample - Test Error message
 [TRACE] 2021-01-25 20:10:36:324 [main] LoggingExample - Test Trace message
 [FATAL] 2021-01-25 20:10:36:325 [main] LoggingExample - Test Fatal message
 [WARN ] 2021-01-25 20:10:36:325 [main] LoggingExample - Test Warning message
 [INFO ] 2021-01-25 20:11:28:753 [main] LoggingExample - Test Info message
 [DEBUG] 2021-01-25 20:11:28:758 [main] LoggingExample - Test Debug message
 [ERROR] 2021-01-25 20:11:28:759 [main] LoggingExample - Test Error message
 [TRACE] 2021-01-25 20:11:28:759 [main] LoggingExample - Test Trace message
 [FATAL] 2021-01-25 20:11:28:760 [main] LoggingExample - Test Fatal message
 [WARN ] 2021-01-25 20:11:28:760 [main] LoggingExample - Test Warning message
 [INFO ] 2021-01-25 20:11:42:933 [main] LoggingExample - Test Info message
 [DEBUG] 2021-01-25 20:11:42:937 [main] LoggingExample - Test Debug message
 [ERROR] 2021-01-25 20:11:42:938 [main] LoggingExample - Test Error message
 [TRACE] 2021-01-25 20:11:42:938 [main] LoggingExample - Test Trace message
 [FATAL] 2021-01-25 20:11:42:939 [main] LoggingExample - Test Fatal message
 [WARN ] 2021-01-25 20:11:42:939 [main] LoggingExample - Test Warning message
 [INFO ] 2021-01-25 20:11:56:874 [main] LoggingExample - Test Info message
 [DEBUG] 2021-01-25 20:11:56:881 [main] LoggingExample - Test Debug message
 [ERROR] 2021-01-25 20:11:56:881 [main] LoggingExample - Test Error message
 [TRACE] 2021-01-25 20:11:56:882 [main] LoggingExample - Test Trace message
 [FATAL] 2021-01-25 20:11:56:882 [main] LoggingExample - Test Fatal message
 [WARN ] 2021-01-25 20:11:56:882 [main] LoggingExample - Test Warning message
 [INFO ] 2021-01-25 20:12:18:403 [main] LoggingExample - Test Info message
 [DEBUG] 2021-01-25 20:12:18:408 [main] LoggingExample - Test Debug message
 [ERROR] 2021-01-25 20:12:18:409 [main] LoggingExample - Test Error message
 [TRACE] 2021-01-25 20:12:18:409 [main] LoggingExample - Test Trace message
 [FATAL] 2021-01-25 20:12:18:409 [main] LoggingExample - Test Fatal message
 [WARN ] 2021-01-25 20:12:18:409 [main] LoggingExample - Test Warning message
 [INFO ] 2021-02-18 19:53:20:265 [main] LoggingExample - Test Info message
 [DEBUG] 2021-02-18 19:53:20:273 [main] LoggingExample - Test Debug message
 [ERROR] 2021-02-18 19:53:20:273 [main] LoggingExample - Test Error message
 [TRACE] 2021-02-18 19:53:20:274 [main] LoggingExample - Test Trace message
 [FATAL] 2021-02-18 19:53:20:275 [main] LoggingExample - Test Fatal message
 [WARN ] 2021-02-18 19:53:20:275 [main] LoggingExample - Test Warning message
 [INFO ] 2021-02-18 19:53:48:509 [main] LoggingExample - Test Info message
 [DEBUG] 2021-02-18 19:53:48:515 [main] LoggingExample - Test Debug message
 [ERROR] 2021-02-18 19:53:48:516 [main] LoggingExample - Test Error message
 [TRACE] 2021-02-18 19:53:48:517 [main] LoggingExample - Test Trace message
 [FATAL] 2021-02-18 19:53:48:518 [main] LoggingExample - Test Fatal message
 [WARN ] 2021-02-18 19:53:48:518 [main] LoggingExample - Test Warning message
 [INFO ] 2021-02-18 19:54:44:678 [main] LoggingExample - Test Info message
 [DEBUG] 2021-02-18 19:54:44:684 [main] LoggingExample - Test Debug message
 [ERROR] 2021-02-18 19:54:44:685 [main] LoggingExample - Test Error message
 [TRACE] 2021-02-18 19:54:44:685 [main] LoggingExample - Test Trace message
 [FATAL] 2021-02-18 19:54:44:686 [main] LoggingExample - Test Fatal message
 [WARN ] 2021-02-18 19:54:44:686 [main] LoggingExample - Test Warning message
 